<?xml version="1.0" encoding="UTF-8"?>
<!-- Generated by org.testng.reporters.JUnitReportReporter -->
<testsuite skipped="1" hostname="DESKTOP-QPU8RFA" name="ProjectReport.Login" tests="2" failures="0" timestamp="2022-06-06T17:51:08 IST" time="10.154" errors="1">
  <testcase name="driverLaunch" time="10.154" classname="ProjectReport.Login">
    <error type="org.openqa.selenium.SessionNotCreatedException" message="session not created: This version of ChromeDriver only supports Chrome version 97
Current browser version is 102.0.5005.63 with binary path C:\Program Files\Google\Chrome\Application\chrome.exe
Build info: version: &#039;3.14.0&#039;, revision: &#039;aacccce0&#039;, time: &#039;2018-08-02T20:19:58.91Z&#039;
System info: host: &#039;DESKTOP-QPU8RFA&#039;, ip: &#039;192.168.1.156&#039;, os.name: &#039;Windows 10&#039;, os.arch: &#039;amd64&#039;, os.version: &#039;10.0&#039;, java.version: &#039;1.8.0_181&#039;
Driver info: driver.version: LaunchDriver
remote stacktrace: Backtrace:
	Ordinal0 [0x009EFDC3+2555331]
	Ordinal0 [0x009877F1+2127857]
	Ordinal0 [0x00882E08+1060360]
	Ordinal0 [0x008A19CA+1186250]
	Ordinal0 [0x0089D825+1169445]
	Ordinal0 [0x0089AFC1+1159105]
	Ordinal0 [0x008CC22F+1360431]
	Ordinal0 [0x008CBE9A+1359514]
	Ordinal0 [0x008C7976+1341814]
	Ordinal0 [0x008A36B6+1193654]
	Ordinal0 [0x008A4546+1197382]
	GetHandleVerifier [0x00B89622+1619522]
	GetHandleVerifier [0x00C3882C+2336844]
	GetHandleVerifier [0x00A823E1+541697]
	GetHandleVerifier [0x00A81443+537699]
	Ordinal0 [0x0098D18E+2150798]
	Ordinal0 [0x00991518+2168088]
	Ordinal0 [0x00991660+2168416]
	Ordinal0 [0x0099B330+2208560]
	BaseThreadInitThunk [0x7602FA29+25]
	RtlGetAppContainerNamedObjectPath [0x772D7A7E+286]
	RtlGetAppContainerNamedObjectPath [0x772D7A4E+238]
">
      <![CDATA[org.openqa.selenium.SessionNotCreatedException: session not created: This version of ChromeDriver only supports Chrome version 97
Current browser version is 102.0.5005.63 with binary path C:\Program Files\Google\Chrome\Application\chrome.exe
Build info: version: '3.14.0', revision: 'aacccce0', time: '2018-08-02T20:19:58.91Z'
System info: host: 'DESKTOP-QPU8RFA', ip: '192.168.1.156', os.name: 'Windows 10', os.arch: 'amd64', os.version: '10.0', java.version: '1.8.0_181'
Driver info: driver.version: LaunchDriver
remote stacktrace: Backtrace:
Ordinal0 [0x009EFDC3+2555331]
Ordinal0 [0x009877F1+2127857]
Ordinal0 [0x00882E08+1060360]
Ordinal0 [0x008A19CA+1186250]
Ordinal0 [0x0089D825+1169445]
Ordinal0 [0x0089AFC1+1159105]
Ordinal0 [0x008CC22F+1360431]
Ordinal0 [0x008CBE9A+1359514]
Ordinal0 [0x008C7976+1341814]
Ordinal0 [0x008A36B6+1193654]
Ordinal0 [0x008A4546+1197382]
GetHandleVerifier [0x00B89622+1619522]
GetHandleVerifier [0x00C3882C+2336844]
GetHandleVerifier [0x00A823E1+541697]
GetHandleVerifier [0x00A81443+537699]
Ordinal0 [0x0098D18E+2150798]
Ordinal0 [0x00991518+2168088]
Ordinal0 [0x00991660+2168416]
Ordinal0 [0x0099B330+2208560]
BaseThreadInitThunk [0x7602FA29+25]
RtlGetAppContainerNamedObjectPath [0x772D7A7E+286]
RtlGetAppContainerNamedObjectPath [0x772D7A4E+238]

at sun.reflect.NativeConstructorAccessorImpl.newInstance0(Native Method)
at sun.reflect.NativeConstructorAccessorImpl.newInstance(Unknown Source)
at sun.reflect.DelegatingConstructorAccessorImpl.newInstance(Unknown Source)
at java.lang.reflect.Constructor.newInstance(Unknown Source)
at org.openqa.selenium.remote.W3CHandshakeResponse.lambda$new$0(W3CHandshakeResponse.java:57)
at org.openqa.selenium.remote.W3CHandshakeResponse.lambda$getResponseFunction$2(W3CHandshakeResponse.java:104)
at org.openqa.selenium.remote.ProtocolHandshake.lambda$createSession$22(ProtocolHandshake.java:365)
at java.util.stream.ReferencePipeline$3$1.accept(Unknown Source)
at java.util.Spliterators$ArraySpliterator.tryAdvance(Unknown Source)
at java.util.stream.ReferencePipeline.forEachWithCancel(Unknown Source)
at java.util.stream.AbstractPipeline.copyIntoWithCancel(Unknown Source)
at java.util.stream.AbstractPipeline.copyInto(Unknown Source)
at java.util.stream.AbstractPipeline.wrapAndCopyInto(Unknown Source)
at java.util.stream.FindOps$FindOp.evaluateSequential(Unknown Source)
at java.util.stream.AbstractPipeline.evaluate(Unknown Source)
at java.util.stream.ReferencePipeline.findFirst(Unknown Source)
at org.openqa.selenium.remote.ProtocolHandshake.createSession(ProtocolHandshake.java:368)
at org.openqa.selenium.remote.ProtocolHandshake.createSession(ProtocolHandshake.java:159)
at org.openqa.selenium.remote.HttpCommandExecutor.execute(HttpCommandExecutor.java:142)
at org.openqa.selenium.remote.service.DriverCommandExecutor.execute(DriverCommandExecutor.java:82)
at org.openqa.selenium.remote.RemoteWebDriver.execute(RemoteWebDriver.java:637)
at org.openqa.selenium.remote.RemoteWebDriver.startSession(RemoteWebDriver.java:250)
at org.openqa.selenium.remote.RemoteWebDriver.startSession(RemoteWebDriver.java:236)
at org.openqa.selenium.remote.RemoteWebDriver.<init>(RemoteWebDriver.java:137)
at org.openqa.selenium.chrome.ChromeDriver.<init>(ChromeDriver.java:184)
at org.openqa.selenium.chrome.ChromeDriver.<init>(ChromeDriver.java:171)
at org.openqa.selenium.chrome.ChromeDriver.<init>(ChromeDriver.java:158)
at Drivers.LaunchDriver.driverLaunch(LaunchDriver.java:23)
at sun.reflect.NativeMethodAccessorImpl.invoke0(Native Method)
at sun.reflect.NativeMethodAccessorImpl.invoke(Unknown Source)
at sun.reflect.DelegatingMethodAccessorImpl.invoke(Unknown Source)
at java.lang.reflect.Method.invoke(Unknown Source)
at org.testng.internal.MethodInvocationHelper.invokeMethod(MethodInvocationHelper.java:133)
at org.testng.internal.MethodInvocationHelper.invokeMethodConsideringTimeout(MethodInvocationHelper.java:62)
at org.testng.internal.ConfigInvoker.invokeConfigurationMethod(ConfigInvoker.java:385)
at org.testng.internal.ConfigInvoker.invokeConfigurations(ConfigInvoker.java:321)
at org.testng.SuiteRunner.privateRun(SuiteRunner.java:317)
at org.testng.SuiteRunner.run(SuiteRunner.java:276)
at org.testng.SuiteRunnerWorker.runSuite(SuiteRunnerWorker.java:53)
at org.testng.SuiteRunnerWorker.run(SuiteRunnerWorker.java:96)
at org.testng.TestNG.runSuitesSequentially(TestNG.java:1212)
at org.testng.TestNG.runSuitesLocally(TestNG.java:1134)
at org.testng.TestNG.runSuites(TestNG.java:1063)
at org.testng.TestNG.run(TestNG.java:1031)
at org.testng.remote.AbstractRemoteTestNG.run(AbstractRemoteTestNG.java:115)
at org.testng.remote.RemoteTestNG.initAndRun(RemoteTestNG.java:251)
at org.testng.remote.RemoteTestNG.main(RemoteTestNG.java:77)
]]>
    </error>
  </testcase> <!-- driverLaunch -->
  <system-out/>
  <testcase name="login" time="0.000" classname="ProjectReport.Login">
    <skipped/>
  </testcase> <!-- login -->
  <system-out/>
</testsuite> <!-- ProjectReport.Login -->
