<?xml version="1.0" encoding="UTF-8"?>
<!-- Generated by org.testng.reporters.JUnitXMLReporter -->
<testsuite hostname="DESKTOP-QPU8RFA" ignored="10" name="WPMSanityTesting" tests="15" failures="0" timestamp="2022-05-13T12:27:13 IST" time="0.168" errors="0">
  <testcase name="@BeforeSuite driverLaunch" time="4.752" classname="Drivers.LaunchDriver">
    <failure type="org.openqa.selenium.SessionNotCreatedException" message="session not created: This version of ChromeDriver only supports Chrome version 97
Current browser version is 101.0.4951.54 with binary path C:\Program Files\Google\Chrome\Application\chrome.exe
Build info: version: &amp;apos;3.14.0&amp;apos;, revision: &amp;apos;aacccce0&amp;apos;, time: &amp;apos;2018-08-02T20:19:58.91Z&amp;apos;
System info: host: &amp;apos;DESKTOP-QPU8RFA&amp;apos;, ip: &amp;apos;192.168.1.153&amp;apos;, os.name: &amp;apos;Windows 10&amp;apos;, os.arch: &amp;apos;amd64&amp;apos;, os.version: &amp;apos;10.0&amp;apos;, java.version: &amp;apos;1.8.0_181&amp;apos;
Driver info: driver.version: LaunchDriver
remote stacktrace: Backtrace:
	Ordinal0 [0x006BFDC3+2555331]
	Ordinal0 [0x006577F1+2127857]
	Ordinal0 [0x00552E08+1060360]
	Ordinal0 [0x005719CA+1186250]
	Ordinal0 [0x0056D825+1169445]
	Ordinal0 [0x0056AFC1+1159105]
	Ordinal0 [0x0059C22F+1360431]
	Ordinal0 [0x0059BE9A+1359514]
	Ordinal0 [0x00597976+1341814]
	Ordinal0 [0x005736B6+1193654]
	Ordinal0 [0x00574546+1197382]
	GetHandleVerifier [0x00859622+1619522]
	GetHandleVerifier [0x0090882C+2336844]
	GetHandleVerifier [0x007523E1+541697]
	GetHandleVerifier [0x00751443+537699]
	Ordinal0 [0x0065D18E+2150798]
	Ordinal0 [0x00661518+2168088]
	Ordinal0 [0x00661660+2168416]
	Ordinal0 [0x0066B330+2208560]
	BaseThreadInitThunk [0x7764FA29+25]
	RtlGetAppContainerNamedObjectPath [0x77C97A7E+286]
	RtlGetAppContainerNamedObjectPath [0x77C97A4E+238]
">
      <![CDATA[org.openqa.selenium.SessionNotCreatedException: session not created: This version of ChromeDriver only supports Chrome version 97
Current browser version is 101.0.4951.54 with binary path C:\Program Files\Google\Chrome\Application\chrome.exe
Build info: version: '3.14.0', revision: 'aacccce0', time: '2018-08-02T20:19:58.91Z'
System info: host: 'DESKTOP-QPU8RFA', ip: '192.168.1.153', os.name: 'Windows 10', os.arch: 'amd64', os.version: '10.0', java.version: '1.8.0_181'
Driver info: driver.version: LaunchDriver
remote stacktrace: Backtrace:
Ordinal0 [0x006BFDC3+2555331]
Ordinal0 [0x006577F1+2127857]
Ordinal0 [0x00552E08+1060360]
Ordinal0 [0x005719CA+1186250]
Ordinal0 [0x0056D825+1169445]
Ordinal0 [0x0056AFC1+1159105]
Ordinal0 [0x0059C22F+1360431]
Ordinal0 [0x0059BE9A+1359514]
Ordinal0 [0x00597976+1341814]
Ordinal0 [0x005736B6+1193654]
Ordinal0 [0x00574546+1197382]
GetHandleVerifier [0x00859622+1619522]
GetHandleVerifier [0x0090882C+2336844]
GetHandleVerifier [0x007523E1+541697]
GetHandleVerifier [0x00751443+537699]
Ordinal0 [0x0065D18E+2150798]
Ordinal0 [0x00661518+2168088]
Ordinal0 [0x00661660+2168416]
Ordinal0 [0x0066B330+2208560]
BaseThreadInitThunk [0x7764FA29+25]
RtlGetAppContainerNamedObjectPath [0x77C97A7E+286]
RtlGetAppContainerNamedObjectPath [0x77C97A4E+238]

at org.openqa.selenium.remote.W3CHandshakeResponse.lambda$new$0(W3CHandshakeResponse.java:57)
at org.openqa.selenium.remote.W3CHandshakeResponse.lambda$getResponseFunction$2(W3CHandshakeResponse.java:104)
at org.openqa.selenium.remote.ProtocolHandshake.lambda$createSession$22(ProtocolHandshake.java:365)
at java.util.stream.ReferencePipeline$3$1.accept(Unknown Source)
at java.util.Spliterators$ArraySpliterator.tryAdvance(Unknown Source)
at java.util.stream.ReferencePipeline.forEachWithCancel(Unknown Source)
at java.util.stream.AbstractPipeline.copyIntoWithCancel(Unknown Source)
at java.util.stream.AbstractPipeline.copyInto(Unknown Source)
at java.util.stream.AbstractPipeline.wrapAndCopyInto(Unknown Source)
at java.util.stream.FindOps$FindOp.evaluateSequential(Unknown Source)
at java.util.stream.AbstractPipeline.evaluate(Unknown Source)
at java.util.stream.ReferencePipeline.findFirst(Unknown Source)
at org.openqa.selenium.remote.ProtocolHandshake.createSession(ProtocolHandshake.java:368)
at org.openqa.selenium.remote.ProtocolHandshake.createSession(ProtocolHandshake.java:159)
at org.openqa.selenium.remote.HttpCommandExecutor.execute(HttpCommandExecutor.java:142)
at org.openqa.selenium.remote.service.DriverCommandExecutor.execute(DriverCommandExecutor.java:82)
at org.openqa.selenium.remote.RemoteWebDriver.execute(RemoteWebDriver.java:637)
at org.openqa.selenium.remote.RemoteWebDriver.startSession(RemoteWebDriver.java:250)
at org.openqa.selenium.remote.RemoteWebDriver.startSession(RemoteWebDriver.java:236)
at org.openqa.selenium.remote.RemoteWebDriver.<init>(RemoteWebDriver.java:137)
at org.openqa.selenium.chrome.ChromeDriver.<init>(ChromeDriver.java:184)
at org.openqa.selenium.chrome.ChromeDriver.<init>(ChromeDriver.java:171)
at org.openqa.selenium.chrome.ChromeDriver.<init>(ChromeDriver.java:158)
at Drivers.LaunchDriver.driverLaunch(LaunchDriver.java:23)
... Removed 23 stack frames]]>
    </failure>
  </testcase> <!-- @BeforeSuite driverLaunch -->
  <testcase name="login" time="0.0" classname="ProjectReport.Login">
    <skipped/>
  </testcase> <!-- login -->
  <testcase name="navigateOnCreateReport" time="0.0" classname="ProjectReport.CreateNewReport">
    <skipped/>
  </testcase> <!-- navigateOnCreateReport -->
  <testcase name="addProjectBrief" time="0.0" classname="ProjectReport.CreateNewReport">
    <skipped/>
  </testcase> <!-- addProjectBrief -->
  <testcase name="manageImages" time="0.0" classname="ProjectReport.CreateNewReport">
    <skipped/>
  </testcase> <!-- manageImages -->
  <testcase name="addSection" time="0.0" classname="ProjectReport.CreateNewReport">
    <skipped/>
  </testcase> <!-- addSection -->
  <testcase name="checkPublishReport" time="0.0" classname="ProjectReport.CreateNewReport">
    <skipped/>
  </testcase> <!-- checkPublishReport -->
  <testcase name="selectCreatedReport" time="0.0" classname="ProjectReport.Dashboard">
    <skipped/>
  </testcase> <!-- selectCreatedReport -->
  <testcase name="editReport" time="0.0" classname="ProjectReport.EditReport">
    <skipped/>
  </testcase> <!-- editReport -->
  <testcase name="projectImages" time="0.0" classname="QuickLinks.ProjectImages">
    <skipped/>
  </testcase> <!-- projectImages -->
  <testcase name="uploadInvoice" time="0.0" classname="QuickLinks.UploadInvoice">
    <skipped/>
  </testcase> <!-- uploadInvoice -->
  <testcase name="inviteMember" time="0.0" classname="QuickLinks.InviteMember">
    <skipped/>
  </testcase> <!-- inviteMember -->
  <testcase name="viewMembers" time="0.0" classname="QuickLinks.ViewMembers">
    <skipped/>
  </testcase> <!-- viewMembers -->
  <testcase name="revokeMember" time="0.0" classname="QuickLinks.RevokeMember">
    <skipped/>
  </testcase> <!-- revokeMember -->
  <testcase name="publishReport" time="0.0" classname="QuickLinks.PublishReport">
    <skipped/>
  </testcase> <!-- publishReport -->
  <testcase name="revertToDraft" time="0.0" classname="QuickLinks.RevertToDraft">
    <skipped/>
  </testcase> <!-- revertToDraft -->
  <testcase name="@BeforeSuite driverLaunch" time="0.0" classname="Drivers.LaunchDriver">
    <ignored/>
  </testcase> <!-- @BeforeSuite driverLaunch -->
  <testcase name="@BeforeSuite driverLaunch" time="0.0" classname="Drivers.LaunchDriver">
    <ignored/>
  </testcase> <!-- @BeforeSuite driverLaunch -->
  <testcase name="@BeforeSuite driverLaunch" time="0.0" classname="Drivers.LaunchDriver">
    <ignored/>
  </testcase> <!-- @BeforeSuite driverLaunch -->
  <testcase name="@BeforeSuite driverLaunch" time="0.0" classname="Drivers.LaunchDriver">
    <ignored/>
  </testcase> <!-- @BeforeSuite driverLaunch -->
  <testcase name="@BeforeSuite driverLaunch" time="0.0" classname="Drivers.LaunchDriver">
    <ignored/>
  </testcase> <!-- @BeforeSuite driverLaunch -->
  <testcase name="@BeforeSuite driverLaunch" time="0.0" classname="Drivers.LaunchDriver">
    <ignored/>
  </testcase> <!-- @BeforeSuite driverLaunch -->
  <testcase name="@BeforeSuite driverLaunch" time="0.0" classname="Drivers.LaunchDriver">
    <ignored/>
  </testcase> <!-- @BeforeSuite driverLaunch -->
  <testcase name="@BeforeSuite driverLaunch" time="0.0" classname="Drivers.LaunchDriver">
    <ignored/>
  </testcase> <!-- @BeforeSuite driverLaunch -->
  <testcase name="@BeforeSuite driverLaunch" time="0.0" classname="Drivers.LaunchDriver">
    <ignored/>
  </testcase> <!-- @BeforeSuite driverLaunch -->
  <testcase name="@BeforeSuite driverLaunch" time="0.0" classname="Drivers.LaunchDriver">
    <ignored/>
  </testcase> <!-- @BeforeSuite driverLaunch -->
</testsuite> <!-- WPMSanityTesting -->
